0 info it worked if it ends with ok
1 verbose cli [ 'node', '/usr/local/bin/npm', 'update', '-g', 'react-tools' ]
2 info using npm@1.4.28
3 info using node@v0.10.32
4 verbose request where is /react-tools
5 verbose request registry https://registry.npmjs.org/
6 verbose request id fee1905f0a324212
7 verbose url raw /react-tools
8 verbose url resolving [ 'https://registry.npmjs.org/', './react-tools' ]
9 verbose url resolved https://registry.npmjs.org/react-tools
10 verbose request where is https://registry.npmjs.org/react-tools
11 info trying registry request attempt 1 at 11:05:33
12 verbose etag "DCVN3PH3L0BU1WFJYJG0ZD7Z7"
13 http GET https://registry.npmjs.org/react-tools
14 http 200 https://registry.npmjs.org/react-tools
15 silly registry.get cb [ 200,
15 silly registry.get   { date: 'Tue, 06 Jan 2015 16:05:33 GMT',
15 silly registry.get     server: 'CouchDB/1.5.0 (Erlang OTP/R16B03)',
15 silly registry.get     etag: '"9SFDMOY60CEMHQ24MP7CL72TL"',
15 silly registry.get     'content-type': 'application/json',
15 silly registry.get     'cache-control': 'max-age=60',
15 silly registry.get     'content-length': '48085',
15 silly registry.get     'accept-ranges': 'bytes',
15 silly registry.get     via: '1.1 varnish',
15 silly registry.get     age: '54',
15 silly registry.get     'x-served-by': 'cache-jfk1023-JFK',
15 silly registry.get     'x-cache': 'HIT',
15 silly registry.get     'x-cache-hits': '2',
15 silly registry.get     'x-timer': 'S1420560333.614087,VS0,VE0',
15 silly registry.get     vary: 'Accept',
15 silly registry.get     'keep-alive': 'timeout=10, max=50',
15 silly registry.get     connection: 'Keep-Alive' } ]
16 info outdated updating [ [ '/usr/local/lib',
16 info outdated     'react-tools',
16 info outdated     '0.12.1',
16 info outdated     '0.12.2',
16 info outdated     '0.12.2',
16 info outdated     'latest' ] ]
17 verbose install where,what [ '/usr/local/lib', [ 'react-tools@0.12.2' ] ]
18 verbose cache add [ 'react-tools@0.12.2', null ]
19 verbose cache add name=undefined spec="react-tools@0.12.2" args=["react-tools@0.12.2",null]
20 verbose parsed url { protocol: null,
20 verbose parsed url   slashes: null,
20 verbose parsed url   auth: null,
20 verbose parsed url   host: null,
20 verbose parsed url   port: null,
20 verbose parsed url   hostname: null,
20 verbose parsed url   hash: null,
20 verbose parsed url   search: null,
20 verbose parsed url   query: null,
20 verbose parsed url   pathname: 'react-tools@0.12.2',
20 verbose parsed url   path: 'react-tools@0.12.2',
20 verbose parsed url   href: 'react-tools@0.12.2' }
21 verbose cache add name="react-tools" spec="0.12.2" args=["react-tools","0.12.2"]
22 verbose parsed url { protocol: null,
22 verbose parsed url   slashes: null,
22 verbose parsed url   auth: null,
22 verbose parsed url   host: null,
22 verbose parsed url   port: null,
22 verbose parsed url   hostname: null,
22 verbose parsed url   hash: null,
22 verbose parsed url   search: null,
22 verbose parsed url   query: null,
22 verbose parsed url   pathname: '0.12.2',
22 verbose parsed url   path: '0.12.2',
22 verbose parsed url   href: '0.12.2' }
23 verbose addNamed [ 'react-tools', '0.12.2' ]
24 verbose addNamed [ '0.12.2', '0.12.2' ]
25 silly lockFile d49341b9-react-tools-0-12-2 react-tools@0.12.2
26 verbose lock react-tools@0.12.2 /Users/ccoenraets/.npm/d49341b9-react-tools-0-12-2.lock
27 verbose registry.get https://registry.npmjs.org/react-tools not expired, no request
28 silly lockFile ad17add2-act-tools-react-tools-0-12-2-tgz https://registry.npmjs.org/react-tools/-/react-tools-0.12.2.tgz
29 verbose lock https://registry.npmjs.org/react-tools/-/react-tools-0.12.2.tgz /Users/ccoenraets/.npm/ad17add2-act-tools-react-tools-0-12-2-tgz.lock
30 verbose addRemoteTarball [ 'https://registry.npmjs.org/react-tools/-/react-tools-0.12.2.tgz',
30 verbose addRemoteTarball   '92e55a24f8412df6583555dd96ceb8cdb24ae86e' ]
31 info retry fetch attempt 1 at 11:05:34
32 verbose fetch to= /var/folders/3j/djb2_39d16z5t89xbf37vwfwf5p5c9/T/npm-83673-V2hAUQ6z/registry.npmjs.org/react-tools/-/react-tools-0.12.2.tgz
33 http GET https://registry.npmjs.org/react-tools/-/react-tools-0.12.2.tgz
34 http 200 https://registry.npmjs.org/react-tools/-/react-tools-0.12.2.tgz
35 silly lockFile ad17add2-act-tools-react-tools-0-12-2-tgz https://registry.npmjs.org/react-tools/-/react-tools-0.12.2.tgz
36 silly lockFile ad17add2-act-tools-react-tools-0-12-2-tgz https://registry.npmjs.org/react-tools/-/react-tools-0.12.2.tgz
37 silly lockFile d49341b9-react-tools-0-12-2 react-tools@0.12.2
38 silly lockFile d49341b9-react-tools-0-12-2 react-tools@0.12.2
39 error Error: EACCES, mkdir '/Users/ccoenraets/.npm/react-tools/0.12.2'
39 error  { [Error: EACCES, mkdir '/Users/ccoenraets/.npm/react-tools/0.12.2']
39 error   errno: 3,
39 error   code: 'EACCES',
39 error   path: '/Users/ccoenraets/.npm/react-tools/0.12.2' }
40 error Please try running this command again as root/Administrator.
41 error System Darwin 14.0.0
42 error command "node" "/usr/local/bin/npm" "update" "-g" "react-tools"
43 error cwd /Users/ccoenraets/Projects/belgian-beer-explorer
44 error node -v v0.10.32
45 error npm -v 1.4.28
46 error path /Users/ccoenraets/.npm/react-tools/0.12.2
47 error code EACCES
48 error errno 3
49 error stack Error: EACCES, mkdir '/Users/ccoenraets/.npm/react-tools/0.12.2'
50 verbose exit [ 3, true ]
